<?xml version="1.0" encoding="UTF-8"?>
<testsuite name="edu.odu.cs.cs350.TestRecommender" tests="7" skipped="0" failures="0" errors="0" timestamp="2021-11-24T15:28:20" hostname="fv-az77-549" time="0.01">
  <properties/>
  <testcase name="testGetMaxSublistSize()" classname="edu.odu.cs.cs350.TestRecommender" time="0.001"/>
  <testcase name="testGetMinSublistSize()" classname="edu.odu.cs.cs350.TestRecommender" time="0.001"/>
  <testcase name="testGetRecommendations()" classname="edu.odu.cs.cs350.TestRecommender" time="0.001"/>
  <testcase name="testSetTokens()" classname="edu.odu.cs.cs350.TestRecommender" time="0.0"/>
  <testcase name="testSetMaxSublistSize()" classname="edu.odu.cs.cs350.TestRecommender" time="0.001"/>
  <testcase name="testGetTokens()" classname="edu.odu.cs.cs350.TestRecommender" time="0.0"/>
  <testcase name="testSetMinSublistSize()" classname="edu.odu.cs.cs350.TestRecommender" time="0.002"/>
  <system-out><![CDATA[]]></system-out>
  <system-err><![CDATA[]]></system-err>
</testsuite>
