<?xml version="1.0" encoding="UTF-8"?>
<testsuite name="edu.odu.cs.cs350.TestTokenAnalyzer" tests="2" skipped="0" failures="0" errors="0" timestamp="2021-11-20T18:37:48" hostname="fv-az33-360" time="0.046">
  <properties/>
  <testcase name="testConstructors()" classname="edu.odu.cs.cs350.TestTokenAnalyzer" time="0.022"/>
  <testcase name="testProcessSourceCode()" classname="edu.odu.cs.cs350.TestTokenAnalyzer" time="0.023"/>
  <system-out><![CDATA[]]></system-out>
  <system-err><![CDATA[]]></system-err>
</testsuite>
