<?xml version="1.0" encoding="UTF-8"?>
<testsuite name="edu.odu.cs.cs350.TestOutput" tests="15" skipped="0" failures="0" errors="0" timestamp="2021-11-20T18:49:33" hostname="fv-az127-146" time="0.108">
  <properties/>
  <testcase name="testGetRefactoringsToPrint()" classname="edu.odu.cs.cs350.TestOutput" time="0.041"/>
  <testcase name="testGetFiles()" classname="edu.odu.cs.cs350.TestOutput" time="0.003"/>
  <testcase name="testGetCompleteOutput()" classname="edu.odu.cs.cs350.TestOutput" time="0.015"/>
  <testcase name="testParameterizedConstructor()" classname="edu.odu.cs.cs350.TestOutput" time="0.001"/>
  <testcase name="testSetRefactoringsToPrint()" classname="edu.odu.cs.cs350.TestOutput" time="0.0"/>
  <testcase name="testGetCompleteOutputNoFiles()" classname="edu.odu.cs.cs350.TestOutput" time="0.001"/>
  <testcase name="testGetRefactorings()" classname="edu.odu.cs.cs350.TestOutput" time="0.001"/>
  <testcase name="testSetRefactorings()" classname="edu.odu.cs.cs350.TestOutput" time="0.001"/>
  <testcase name="testGetSectionOneNoFiles()" classname="edu.odu.cs.cs350.TestOutput" time="0.001"/>
  <testcase name="testGetSectionTwoNoFiles()" classname="edu.odu.cs.cs350.TestOutput" time="0.0"/>
  <testcase name="testGetSectionTwoLimitedRefactorings()" classname="edu.odu.cs.cs350.TestOutput" time="0.001"/>
  <testcase name="testGetSectionOne()" classname="edu.odu.cs.cs350.TestOutput" time="0.011"/>
  <testcase name="testGetSectionTwo()" classname="edu.odu.cs.cs350.TestOutput" time="0.0"/>
  <testcase name="testDefaultConstructor()" classname="edu.odu.cs.cs350.TestOutput" time="0.0"/>
  <testcase name="testSetFiles()" classname="edu.odu.cs.cs350.TestOutput" time="0.001"/>
  <system-out><![CDATA[]]></system-out>
  <system-err><![CDATA[]]></system-err>
</testsuite>
