<?xml version="1.0" encoding="UTF-8"?>
<testsuite name="edu.odu.cs.cs350.TestRecommender" tests="7" skipped="0" failures="0" errors="0" timestamp="2021-11-20T18:49:33" hostname="fv-az127-146" time="0.007">
  <properties/>
  <testcase name="testGetMaxSublistSize()" classname="edu.odu.cs.cs350.TestRecommender" time="0.0"/>
  <testcase name="testGetMinSublistSize()" classname="edu.odu.cs.cs350.TestRecommender" time="0.0"/>
  <testcase name="testGetRecommendations()" classname="edu.odu.cs.cs350.TestRecommender" time="0.0"/>
  <testcase name="testSetTokens()" classname="edu.odu.cs.cs350.TestRecommender" time="0.001"/>
  <testcase name="testSetMaxSublistSize()" classname="edu.odu.cs.cs350.TestRecommender" time="0.001"/>
  <testcase name="testGetTokens()" classname="edu.odu.cs.cs350.TestRecommender" time="0.001"/>
  <testcase name="testSetMinSublistSize()" classname="edu.odu.cs.cs350.TestRecommender" time="0.0"/>
  <system-out><![CDATA[]]></system-out>
  <system-err><![CDATA[]]></system-err>
</testsuite>
