<?xml version="1.0" encoding="UTF-8"?>
<testsuite name="edu.odu.cs.cs350.TestOutput" tests="15" skipped="0" failures="0" errors="0" timestamp="2021-11-20T18:37:48" hostname="fv-az33-360" time="0.135">
  <properties/>
  <testcase name="testGetRefactoringsToPrint()" classname="edu.odu.cs.cs350.TestOutput" time="0.039"/>
  <testcase name="testGetFiles()" classname="edu.odu.cs.cs350.TestOutput" time="0.001"/>
  <testcase name="testGetCompleteOutput()" classname="edu.odu.cs.cs350.TestOutput" time="0.032"/>
  <testcase name="testParameterizedConstructor()" classname="edu.odu.cs.cs350.TestOutput" time="0.002"/>
  <testcase name="testSetRefactoringsToPrint()" classname="edu.odu.cs.cs350.TestOutput" time="0.002"/>
  <testcase name="testGetCompleteOutputNoFiles()" classname="edu.odu.cs.cs350.TestOutput" time="0.001"/>
  <testcase name="testGetRefactorings()" classname="edu.odu.cs.cs350.TestOutput" time="0.003"/>
  <testcase name="testSetRefactorings()" classname="edu.odu.cs.cs350.TestOutput" time="0.001"/>
  <testcase name="testGetSectionOneNoFiles()" classname="edu.odu.cs.cs350.TestOutput" time="0.002"/>
  <testcase name="testGetSectionTwoNoFiles()" classname="edu.odu.cs.cs350.TestOutput" time="0.003"/>
  <testcase name="testGetSectionTwoLimitedRefactorings()" classname="edu.odu.cs.cs350.TestOutput" time="0.001"/>
  <testcase name="testGetSectionOne()" classname="edu.odu.cs.cs350.TestOutput" time="0.019"/>
  <testcase name="testGetSectionTwo()" classname="edu.odu.cs.cs350.TestOutput" time="0.002"/>
  <testcase name="testDefaultConstructor()" classname="edu.odu.cs.cs350.TestOutput" time="0.002"/>
  <testcase name="testSetFiles()" classname="edu.odu.cs.cs350.TestOutput" time="0.001"/>
  <system-out><![CDATA[]]></system-out>
  <system-err><![CDATA[]]></system-err>
</testsuite>
