<?xml version="1.0" encoding="UTF-8"?>
<testsuite name="edu.odu.cs.cs350.TestTokenAnalyzer" tests="2" skipped="0" failures="0" errors="0" timestamp="2021-11-20T18:49:33" hostname="fv-az127-146" time="0.02">
  <properties/>
  <testcase name="testConstructors()" classname="edu.odu.cs.cs350.TestTokenAnalyzer" time="0.007"/>
  <testcase name="testProcessSourceCode()" classname="edu.odu.cs.cs350.TestTokenAnalyzer" time="0.012"/>
  <system-out><![CDATA[]]></system-out>
  <system-err><![CDATA[]]></system-err>
</testsuite>
